2026-03-21 09:15:39,876 INFO Starting training with arguments:
2026-03-21 09:15:39,876 INFO Namespace(a_feature_size=128, act='leaky_relu', audio_list='list/audio.list', batch_size=128, bias=1, c=None, checkpoint_path='tuning_runs/20260321-091532/trial_003/ckpt', dataset_name='XD-Violence', device='cuda:0', dim=32, dropout=0.1, dropout0=0.1, dropoutGCN=0.45, feat_dim=256, ffn_dim=128, flow_list='list/flow.list', gt='list/gt.npy', hid_dim=128, lamda_a=0.1, lamda_a2b=1.4, lamda_a2n=0.5, lamda_cof=0.05, lamda_pseudo=0.05, lamda_v=0.1, local_agg=0, log_path='tuning_runs/20260321-091532/trial_003/training.log', lr=0.0002, m=0.91, manifold='Lorentz', max_epoch=50, max_seqlen=200, modality='MIX2', model='HyboNet', model_dir='ckpt/macil_sd.pkl', model_name='macil_sd', nhead=4, num_classes=1, num_layers=2, num_stages=3, pretrained_ckpt=None, pseudo_alpha=0.8, pseudo_b_left=1.0, pseudo_b_right=0.01, pseudo_ramp_up_epochs=15, pseudo_warmup_epochs=15, rgb_list='list/rgb.list', seed=2026, test_audio_list='list/audio_test.list', test_data_ratio=1.0, test_flow_list='list/flow_test.list', test_rgb_list='list/rgb_test.list', tie_weight=True, train_data_ratio=1.0, use_att=0, v_feature_size=1024, warmup_epochs=35, workers=8)
2026-03-21 09:15:39,877 INFO Using device: cuda:0
2026-03-21 09:15:44,430 INFO 0.855M parameters.
2026-03-21 09:15:44,431 INFO 0.855M training parameters.
2026-03-21 09:15:44,431 INFO Checkpoints will be saved to: tuning_runs/20260321-091532/trial_003/ckpt
2026-03-21 09:17:16,674 INFO Random initalization: offline av_auc:0.1759, offline av_ap:0.1759
2026-03-21 09:18:11,901 INFO Current Lambda_a2b: 0.00, Current Lambda_a2n: 0.00
2026-03-21 09:18:11,902 INFO 0/2 MIL Loss: 0.7040, CMA_A2V_A2B: 7.1674, CMA_A2V_A2N: 4.0447, CMA_V2A_A2B: 7.1002, CMA_V2A_A2N: 3.9437, CMA_V: 2.0069, CMA_A: 2.0784
2026-03-21 09:22:30,926 INFO Current Lambda_a2b: 0.00, Current Lambda_a2n: 0.00
2026-03-21 09:22:30,928 INFO 1/2 MIL Loss: 0.1716, CMA_A2V_A2B: 6.7799, CMA_A2V_A2N: 6.1323, CMA_V2A_A2B: 7.0533, CMA_V2A_A2N: 6.4699, CMA_V: 3.0174, CMA_A: 1.7788
2026-03-21 09:26:19,260 INFO Current Lambda_a2b: 0.00, Current Lambda_a2n: 0.00
2026-03-21 09:26:19,261 INFO 2/2 MIL Loss: 0.1308, CMA_A2V_A2B: 6.3100, CMA_A2V_A2N: 5.0596, CMA_V2A_A2B: 7.6575, CMA_V2A_A2N: 7.2340, CMA_V: 2.7083, CMA_A: 1.3444
2026-03-21 09:26:55,548 INFO av_loss:0.1308 | v_loss:0.4899

2026-03-21 09:26:55,548 INFO Epoch 0/50: av_auc:0.7726727735 | v_auc:0.6406677515 | av_ap:0.7726803120 | v_ap:0.6406867963 | m=0.9100

2026-03-21 09:27:15,532 INFO Current Lambda_a2b: 0.00, Current Lambda_a2n: 0.00
2026-03-21 09:27:15,533 INFO 0/2 MIL Loss: 0.1700, CMA_A2V_A2B: 7.3063, CMA_A2V_A2N: 6.5549, CMA_V2A_A2B: 9.2714, CMA_V2A_A2N: 9.0985, CMA_V: 4.0268, CMA_A: 2.3018
2026-03-21 09:27:49,350 INFO Current Lambda_a2b: 0.00, Current Lambda_a2n: 0.00
2026-03-21 09:27:49,353 INFO 1/2 MIL Loss: 0.0948, CMA_A2V_A2B: 6.4629, CMA_A2V_A2N: 4.0991, CMA_V2A_A2B: 6.5271, CMA_V2A_A2N: 5.2786, CMA_V: 2.6345, CMA_A: 2.2052
2026-03-21 09:28:18,825 INFO Current Lambda_a2b: 0.00, Current Lambda_a2n: 0.00
2026-03-21 09:28:18,826 INFO 2/2 MIL Loss: 0.0860, CMA_A2V_A2B: 5.1819, CMA_A2V_A2N: 2.4414, CMA_V2A_A2B: 4.9841, CMA_V2A_A2N: 3.4756, CMA_V: 1.5230, CMA_A: 1.7940
2026-03-21 09:28:56,298 INFO av_loss:0.1212 | v_loss:0.2821

2026-03-21 09:28:56,298 INFO Epoch 1/50: av_auc:0.7410539532 | v_auc:0.6616778138 | av_ap:0.7410822602 | v_ap:0.6617042678 | m=0.9101

2026-03-21 09:29:16,952 INFO Current Lambda_a2b: 0.01, Current Lambda_a2n: 0.00
2026-03-21 09:29:16,953 INFO 0/2 MIL Loss: 0.1175, CMA_A2V_A2B: 5.9534, CMA_A2V_A2N: 3.4217, CMA_V2A_A2B: 5.8045, CMA_V2A_A2N: 4.4463, CMA_V: 2.4804, CMA_A: 2.0935
2026-03-21 09:29:45,294 INFO Current Lambda_a2b: 0.01, Current Lambda_a2n: 0.00
2026-03-21 09:29:45,295 INFO 1/2 MIL Loss: 0.0887, CMA_A2V_A2B: 5.1156, CMA_A2V_A2N: 2.1010, CMA_V2A_A2B: 4.8744, CMA_V2A_A2N: 2.7039, CMA_V: 1.4985, CMA_A: 1.5723
2026-03-21 09:30:16,642 INFO Current Lambda_a2b: 0.01, Current Lambda_a2n: 0.00
2026-03-21 09:30:16,643 INFO 2/2 MIL Loss: 0.0586, CMA_A2V_A2B: 4.1735, CMA_A2V_A2N: 1.8100, CMA_V2A_A2B: 3.8067, CMA_V2A_A2N: 1.6249, CMA_V: 1.2226, CMA_A: 0.5065
2026-03-21 09:30:54,310 INFO av_loss:0.1635 | v_loss:0.2729

2026-03-21 09:30:54,310 INFO Epoch 2/50: av_auc:0.6926336438 | v_auc:0.6372587976 | av_ap:0.6926666425 | v_ap:0.6372825152 | m=0.9104

2026-03-21 09:31:15,745 INFO Current Lambda_a2b: 0.03, Current Lambda_a2n: 0.01
2026-03-21 09:31:15,746 INFO 0/2 MIL Loss: 0.1478, CMA_A2V_A2B: 4.8827, CMA_A2V_A2N: 2.0303, CMA_V2A_A2B: 4.4597, CMA_V2A_A2N: 1.6324, CMA_V: 1.2653, CMA_A: 0.8721
2026-03-21 09:31:43,682 INFO Current Lambda_a2b: 0.03, Current Lambda_a2n: 0.01
2026-03-21 09:31:43,684 INFO 1/2 MIL Loss: 0.1089, CMA_A2V_A2B: 4.3479, CMA_A2V_A2N: 1.6167, CMA_V2A_A2B: 3.7389, CMA_V2A_A2N: 1.7268, CMA_V: 0.9876, CMA_A: 0.7926
2026-03-21 09:32:12,826 INFO Current Lambda_a2b: 0.03, Current Lambda_a2n: 0.01
2026-03-21 09:32:12,828 INFO 2/2 MIL Loss: 0.1151, CMA_A2V_A2B: 3.1474, CMA_A2V_A2N: 0.9974, CMA_V2A_A2B: 2.5838, CMA_V2A_A2N: 0.8769, CMA_V: 0.6435, CMA_A: 0.0998
2026-03-21 09:32:50,872 INFO av_loss:0.2779 | v_loss:0.2233

2026-03-21 09:32:50,873 INFO Epoch 3/50: av_auc:0.7493996199 | v_auc:0.6541539502 | av_ap:0.7494095034 | v_ap:0.6541788495 | m=0.9108

2026-03-21 09:33:12,238 INFO Current Lambda_a2b: 0.04, Current Lambda_a2n: 0.02
2026-03-21 09:33:12,239 INFO 0/2 MIL Loss: 0.1178, CMA_A2V_A2B: 4.1198, CMA_A2V_A2N: 1.8044, CMA_V2A_A2B: 3.5909, CMA_V2A_A2N: 1.3926, CMA_V: 1.3183, CMA_A: 0.5083
2026-03-21 09:33:39,936 INFO Current Lambda_a2b: 0.04, Current Lambda_a2n: 0.02
2026-03-21 09:33:39,938 INFO 1/2 MIL Loss: 0.0458, CMA_A2V_A2B: 3.6878, CMA_A2V_A2N: 0.8771, CMA_V2A_A2B: 3.4166, CMA_V2A_A2N: 0.9113, CMA_V: 0.3331, CMA_A: 0.2649
2026-03-21 09:34:09,343 INFO Current Lambda_a2b: 0.04, Current Lambda_a2n: 0.02
2026-03-21 09:34:09,345 INFO 2/2 MIL Loss: 0.0212, CMA_A2V_A2B: 3.0812, CMA_A2V_A2N: 0.3249, CMA_V2A_A2B: 2.9356, CMA_V2A_A2N: 0.3242, CMA_V: 0.1187, CMA_A: 0.0410
2026-03-21 09:34:47,696 INFO av_loss:0.3006 | v_loss:0.1047

2026-03-21 09:34:47,697 INFO Epoch 4/50: av_auc:0.7235536852 | v_auc:0.6300069860 | av_ap:0.7235729465 | v_ap:0.6300318717 | m=0.9114

2026-03-21 09:35:09,574 INFO Current Lambda_a2b: 0.07, Current Lambda_a2n: 0.02
2026-03-21 09:35:09,575 INFO 0/2 MIL Loss: 0.0885, CMA_A2V_A2B: 3.4464, CMA_A2V_A2N: 1.0389, CMA_V2A_A2B: 3.6034, CMA_V2A_A2N: 1.4924, CMA_V: 0.6086, CMA_A: 0.3217
2026-03-21 09:35:37,407 INFO Current Lambda_a2b: 0.07, Current Lambda_a2n: 0.02
2026-03-21 09:35:37,409 INFO 1/2 MIL Loss: 0.0411, CMA_A2V_A2B: 3.2488, CMA_A2V_A2N: 0.6292, CMA_V2A_A2B: 3.2509, CMA_V2A_A2N: 0.3317, CMA_V: 0.2092, CMA_A: 0.1156
2026-03-21 09:36:06,500 INFO Current Lambda_a2b: 0.07, Current Lambda_a2n: 0.02
2026-03-21 09:36:06,501 INFO 2/2 MIL Loss: 0.0835, CMA_A2V_A2B: 2.2818, CMA_A2V_A2N: 0.4175, CMA_V2A_A2B: 2.3907, CMA_V2A_A2N: 0.3373, CMA_V: 0.0770, CMA_A: 0.0487
2026-03-21 09:36:45,075 INFO av_loss:0.4267 | v_loss:0.2161

2026-03-21 09:36:45,075 INFO Epoch 5/50: av_auc:0.7407434898 | v_auc:0.6291791367 | av_ap:0.7407530475 | v_ap:0.6292062501 | m=0.9122

2026-03-21 09:37:06,617 INFO Current Lambda_a2b: 0.10, Current Lambda_a2n: 0.04
2026-03-21 09:37:06,618 INFO 0/2 MIL Loss: 0.0969, CMA_A2V_A2B: 3.6366, CMA_A2V_A2N: 1.1995, CMA_V2A_A2B: 3.5656, CMA_V2A_A2N: 1.0740, CMA_V: 0.2990, CMA_A: 0.3151
2026-03-21 09:37:34,011 INFO Current Lambda_a2b: 0.10, Current Lambda_a2n: 0.04
2026-03-21 09:37:34,013 INFO 1/2 MIL Loss: 0.0780, CMA_A2V_A2B: 3.2553, CMA_A2V_A2N: 0.6703, CMA_V2A_A2B: 3.1105, CMA_V2A_A2N: 1.5264, CMA_V: 0.2353, CMA_A: 0.4172
2026-03-21 09:38:03,405 INFO Current Lambda_a2b: 0.10, Current Lambda_a2n: 0.04
2026-03-21 09:38:03,406 INFO 2/2 MIL Loss: 0.2277, CMA_A2V_A2B: 1.8545, CMA_A2V_A2N: 0.7070, CMA_V2A_A2B: 1.7066, CMA_V2A_A2N: 0.5358, CMA_V: 0.2552, CMA_A: 0.1209
2026-03-21 09:38:40,733 INFO av_loss:0.6272 | v_loss:0.2853

2026-03-21 09:38:40,733 INFO Epoch 6/50: av_auc:0.7429946170 | v_auc:0.6554560016 | av_ap:0.7430020348 | v_ap:0.6554870147 | m=0.9132

2026-03-21 09:39:02,513 INFO Current Lambda_a2b: 0.13, Current Lambda_a2n: 0.05
2026-03-21 09:39:02,514 INFO 0/2 MIL Loss: 0.0851, CMA_A2V_A2B: 2.5316, CMA_A2V_A2N: 0.4967, CMA_V2A_A2B: 2.6091, CMA_V2A_A2N: 0.6286, CMA_V: 0.2158, CMA_A: 0.0883
2026-03-21 09:39:29,932 INFO Current Lambda_a2b: 0.13, Current Lambda_a2n: 0.05
2026-03-21 09:39:29,934 INFO 1/2 MIL Loss: 0.0788, CMA_A2V_A2B: 2.2559, CMA_A2V_A2N: 0.2578, CMA_V2A_A2B: 2.3733, CMA_V2A_A2N: 0.5708, CMA_V: 0.0440, CMA_A: 0.1701
2026-03-21 09:40:01,169 INFO Current Lambda_a2b: 0.13, Current Lambda_a2n: 0.05
2026-03-21 09:40:01,171 INFO 2/2 MIL Loss: 0.1259, CMA_A2V_A2B: 1.8881, CMA_A2V_A2N: 0.1189, CMA_V2A_A2B: 1.6648, CMA_V2A_A2N: 0.3117, CMA_V: 0.0767, CMA_A: 0.0410
2026-03-21 09:40:39,551 INFO av_loss:0.6225 | v_loss:0.2033

2026-03-21 09:40:39,552 INFO Epoch 7/50: av_auc:0.7657102228 | v_auc:0.6758688394 | av_ap:0.7657168660 | v_ap:0.6758986232 | m=0.9143

2026-03-21 09:41:01,625 INFO Current Lambda_a2b: 0.17, Current Lambda_a2n: 0.06
2026-03-21 09:41:01,626 INFO 0/2 MIL Loss: 0.0973, CMA_A2V_A2B: 2.8037, CMA_A2V_A2N: 0.5190, CMA_V2A_A2B: 2.5438, CMA_V2A_A2N: 0.5542, CMA_V: 0.1332, CMA_A: 0.1577
2026-03-21 09:41:27,747 INFO Current Lambda_a2b: 0.17, Current Lambda_a2n: 0.06
2026-03-21 09:41:27,749 INFO 1/2 MIL Loss: 0.0632, CMA_A2V_A2B: 2.2480, CMA_A2V_A2N: 0.5986, CMA_V2A_A2B: 2.2544, CMA_V2A_A2N: 0.5464, CMA_V: 0.0622, CMA_A: 0.2162
2026-03-21 09:41:57,063 INFO Current Lambda_a2b: 0.17, Current Lambda_a2n: 0.06
2026-03-21 09:41:57,065 INFO 2/2 MIL Loss: 0.0724, CMA_A2V_A2B: 1.1673, CMA_A2V_A2N: 0.1229, CMA_V2A_A2B: 1.2854, CMA_V2A_A2N: 0.1435, CMA_V: 0.0323, CMA_A: 0.0472
2026-03-21 09:42:35,075 INFO av_loss:0.5138 | v_loss:0.1136

2026-03-21 09:42:35,075 INFO Epoch 8/50: av_auc:0.8101087326 | v_auc:0.6496464482 | av_ap:0.8101127810 | v_ap:0.6496804560 | m=0.9156

2026-03-21 09:42:57,762 INFO Current Lambda_a2b: 0.22, Current Lambda_a2n: 0.08
2026-03-21 09:42:57,763 INFO 0/2 MIL Loss: 0.0789, CMA_A2V_A2B: 2.0883, CMA_A2V_A2N: 0.5681, CMA_V2A_A2B: 1.9336, CMA_V2A_A2N: 0.5312, CMA_V: 0.1527, CMA_A: 0.2003
2026-03-21 09:43:25,570 INFO Current Lambda_a2b: 0.22, Current Lambda_a2n: 0.08
2026-03-21 09:43:25,572 INFO 1/2 MIL Loss: 0.1044, CMA_A2V_A2B: 1.6396, CMA_A2V_A2N: 0.2114, CMA_V2A_A2B: 1.5673, CMA_V2A_A2N: 0.2830, CMA_V: 0.0929, CMA_A: 0.0832
2026-03-21 09:43:54,441 INFO Current Lambda_a2b: 0.22, Current Lambda_a2n: 0.08
2026-03-21 09:43:54,443 INFO 2/2 MIL Loss: 0.0769, CMA_A2V_A2B: 1.1038, CMA_A2V_A2N: 0.3635, CMA_V2A_A2B: 1.0379, CMA_V2A_A2N: 0.3023, CMA_V: 0.0974, CMA_A: 0.1518
2026-03-21 09:44:32,593 INFO av_loss:0.5953 | v_loss:0.0879

2026-03-21 09:44:32,594 INFO Epoch 9/50: av_auc:0.8288813728 | v_auc:0.6880304256 | av_ap:0.8288841255 | v_ap:0.6880556074 | m=0.9170

2026-03-21 09:44:52,501 INFO Current Lambda_a2b: 0.26, Current Lambda_a2n: 0.09
2026-03-21 09:44:52,502 INFO 0/2 MIL Loss: 0.1247, CMA_A2V_A2B: 2.0697, CMA_A2V_A2N: 0.5356, CMA_V2A_A2B: 1.8973, CMA_V2A_A2N: 0.6167, CMA_V: 0.1616, CMA_A: 0.3062
2026-03-21 09:45:18,821 INFO Current Lambda_a2b: 0.26, Current Lambda_a2n: 0.09
2026-03-21 09:45:18,823 INFO 1/2 MIL Loss: 0.0993, CMA_A2V_A2B: 1.6914, CMA_A2V_A2N: 0.3743, CMA_V2A_A2B: 1.7330, CMA_V2A_A2N: 0.4030, CMA_V: 0.1475, CMA_A: 0.1558
2026-03-21 09:45:48,117 INFO Current Lambda_a2b: 0.26, Current Lambda_a2n: 0.09
2026-03-21 09:45:48,119 INFO 2/2 MIL Loss: 0.1509, CMA_A2V_A2B: 1.2639, CMA_A2V_A2N: 0.3618, CMA_V2A_A2B: 1.1778, CMA_V2A_A2N: 0.4617, CMA_V: 0.0440, CMA_A: 0.1598
2026-03-21 09:46:25,340 INFO av_loss:0.8757 | v_loss:0.1712

2026-03-21 09:46:25,340 INFO Epoch 10/50: av_auc:0.8263895996 | v_auc:0.6891243044 | av_ap:0.8263927933 | v_ap:0.6891477199 | m=0.9186

2026-03-21 09:46:46,635 INFO Current Lambda_a2b: 0.31, Current Lambda_a2n: 0.11
2026-03-21 09:46:46,636 INFO 0/2 MIL Loss: 0.1307, CMA_A2V_A2B: 1.6604, CMA_A2V_A2N: 0.3731, CMA_V2A_A2B: 1.6883, CMA_V2A_A2N: 0.5214, CMA_V: 0.0927, CMA_A: 0.2093
2026-03-21 09:47:12,915 INFO Current Lambda_a2b: 0.31, Current Lambda_a2n: 0.11
2026-03-21 09:47:12,917 INFO 1/2 MIL Loss: 0.0783, CMA_A2V_A2B: 1.7846, CMA_A2V_A2N: 0.4555, CMA_V2A_A2B: 1.4721, CMA_V2A_A2N: 0.3340, CMA_V: 0.1784, CMA_A: 0.1073
2026-03-21 09:47:42,481 INFO Current Lambda_a2b: 0.31, Current Lambda_a2n: 0.11
2026-03-21 09:47:42,482 INFO 2/2 MIL Loss: 0.0612, CMA_A2V_A2B: 1.0037, CMA_A2V_A2N: 0.1547, CMA_V2A_A2B: 0.9345, CMA_V2A_A2N: 0.1916, CMA_V: 0.0343, CMA_A: 0.0878
2026-03-21 09:48:22,198 INFO av_loss:0.7121 | v_loss:0.0905

2026-03-21 09:48:22,198 INFO Epoch 11/50: av_auc:0.8494417893 | v_auc:0.6699394655 | av_ap:0.8494446145 | v_ap:0.6699813390 | m=0.9203

2026-03-21 09:48:43,142 INFO Current Lambda_a2b: 0.37, Current Lambda_a2n: 0.13
2026-03-21 09:48:43,143 INFO 0/2 MIL Loss: 0.2047, CMA_A2V_A2B: 1.9357, CMA_A2V_A2N: 0.4408, CMA_V2A_A2B: 1.9470, CMA_V2A_A2N: 0.5816, CMA_V: 0.1276, CMA_A: 0.1432
2026-03-21 09:49:09,345 INFO Current Lambda_a2b: 0.37, Current Lambda_a2n: 0.13
2026-03-21 09:49:09,347 INFO 1/2 MIL Loss: 0.1132, CMA_A2V_A2B: 1.2331, CMA_A2V_A2N: 0.4190, CMA_V2A_A2B: 1.1766, CMA_V2A_A2N: 0.4221, CMA_V: 0.1415, CMA_A: 0.2069
2026-03-21 09:49:38,669 INFO Current Lambda_a2b: 0.37, Current Lambda_a2n: 0.13
2026-03-21 09:49:38,671 INFO 2/2 MIL Loss: 0.1348, CMA_A2V_A2B: 0.8800, CMA_A2V_A2N: 0.4130, CMA_V2A_A2B: 0.8098, CMA_V2A_A2N: 0.4381, CMA_V: 0.1863, CMA_A: 0.1433
2026-03-21 09:50:18,867 INFO av_loss:0.8777 | v_loss:0.1456

2026-03-21 09:50:18,867 INFO Epoch 12/50: av_auc:0.8408661756 | v_auc:0.6570015104 | av_ap:0.8408696645 | v_ap:0.6570471102 | m=0.9222

2026-03-21 09:50:40,223 INFO Current Lambda_a2b: 0.42, Current Lambda_a2n: 0.15
2026-03-21 09:50:40,224 INFO 0/2 MIL Loss: 0.1241, CMA_A2V_A2B: 1.7277, CMA_A2V_A2N: 0.5093, CMA_V2A_A2B: 1.5631, CMA_V2A_A2N: 0.5479, CMA_V: 0.2215, CMA_A: 0.2131
2026-03-21 09:51:06,648 INFO Current Lambda_a2b: 0.42, Current Lambda_a2n: 0.15
2026-03-21 09:51:06,650 INFO 1/2 MIL Loss: 0.2003, CMA_A2V_A2B: 1.1080, CMA_A2V_A2N: 0.2341, CMA_V2A_A2B: 1.2930, CMA_V2A_A2N: 0.3873, CMA_V: 0.1900, CMA_A: 0.1069
2026-03-21 09:51:36,229 INFO Current Lambda_a2b: 0.42, Current Lambda_a2n: 0.15
2026-03-21 09:51:36,230 INFO 2/2 MIL Loss: 0.0968, CMA_A2V_A2B: 0.8549, CMA_A2V_A2N: 0.1819, CMA_V2A_A2B: 0.9041, CMA_V2A_A2N: 0.1854, CMA_V: 0.1115, CMA_A: 0.0337
2026-03-21 09:52:14,606 INFO av_loss:0.9043 | v_loss:0.0907

2026-03-21 09:52:14,606 INFO Epoch 13/50: av_auc:0.8527632799 | v_auc:0.6653194587 | av_ap:0.8527668421 | v_ap:0.6653630383 | m=0.9242

2026-03-21 09:52:34,965 INFO Current Lambda_a2b: 0.48, Current Lambda_a2n: 0.17
2026-03-21 09:52:34,965 INFO 0/2 MIL Loss: 0.1422, CMA_A2V_A2B: 1.7246, CMA_A2V_A2N: 0.4407, CMA_V2A_A2B: 1.6254, CMA_V2A_A2N: 0.3797, CMA_V: 0.1683, CMA_A: 0.1810
2026-03-21 09:53:00,807 INFO Current Lambda_a2b: 0.48, Current Lambda_a2n: 0.17
2026-03-21 09:53:00,809 INFO 1/2 MIL Loss: 0.1816, CMA_A2V_A2B: 1.3402, CMA_A2V_A2N: 0.4174, CMA_V2A_A2B: 1.0818, CMA_V2A_A2N: 0.1741, CMA_V: 0.1689, CMA_A: 0.0892
2026-03-21 09:53:29,729 INFO Current Lambda_a2b: 0.48, Current Lambda_a2n: 0.17
2026-03-21 09:53:29,730 INFO 2/2 MIL Loss: 0.0968, CMA_A2V_A2B: 0.6521, CMA_A2V_A2N: 0.1502, CMA_V2A_A2B: 0.8273, CMA_V2A_A2N: 0.1767, CMA_V: 0.0451, CMA_A: 0.1738
2026-03-21 09:54:09,574 INFO av_loss:0.8764 | v_loss:0.1677

2026-03-21 09:54:09,574 INFO Epoch 14/50: av_auc:0.8599691722 | v_auc:0.6897566464 | av_ap:0.8599724814 | v_ap:0.6897953209 | m=0.9263

2026-03-21 09:54:31,669 INFO Current Lambda_a2b: 0.54, Current Lambda_a2n: 0.19
2026-03-21 09:54:31,669 INFO 0/2 MIL Loss: 0.1209, CMA_A2V_A2B: 0.9730, CMA_A2V_A2N: 0.2702, CMA_V2A_A2B: 1.0081, CMA_V2A_A2N: 0.2288, CMA_V: 0.1158, CMA_A: 0.1124
2026-03-21 09:55:07,473 INFO Current Lambda_a2b: 0.54, Current Lambda_a2n: 0.19
2026-03-21 09:55:07,475 INFO 1/2 MIL Loss: 0.1313, CMA_A2V_A2B: 1.2385, CMA_A2V_A2N: 0.2535, CMA_V2A_A2B: 1.2668, CMA_V2A_A2N: 0.3522, CMA_V: 0.1500, CMA_A: 0.1347
2026-03-21 09:55:59,638 INFO Current Lambda_a2b: 0.54, Current Lambda_a2n: 0.19
2026-03-21 09:55:59,641 INFO 2/2 MIL Loss: 0.1223, CMA_A2V_A2B: 1.2164, CMA_A2V_A2N: 0.2271, CMA_V2A_A2B: 1.0093, CMA_V2A_A2N: 0.1643, CMA_V: 0.0745, CMA_A: 0.0591
2026-03-21 09:56:38,133 INFO av_loss:1.4148 | v_loss:0.1421 | pseudo_loss:1.0247

2026-03-21 09:56:38,133 INFO Epoch 15/50: av_auc:0.8561273727 | v_auc:0.6936778021 | av_ap:0.8561305839 | v_ap:0.6937213457 | m=0.9285

2026-03-21 09:56:59,716 INFO Current Lambda_a2b: 0.61, Current Lambda_a2n: 0.22
2026-03-21 09:56:59,717 INFO 0/2 MIL Loss: 0.1334, CMA_A2V_A2B: 1.3813, CMA_A2V_A2N: 0.5301, CMA_V2A_A2B: 1.1356, CMA_V2A_A2N: 0.3667, CMA_V: 0.2218, CMA_A: 0.2140
2026-03-21 09:57:34,074 INFO Current Lambda_a2b: 0.61, Current Lambda_a2n: 0.22
2026-03-21 09:57:34,076 INFO 1/2 MIL Loss: 0.1356, CMA_A2V_A2B: 0.9637, CMA_A2V_A2N: 0.1467, CMA_V2A_A2B: 0.7997, CMA_V2A_A2N: 0.1836, CMA_V: 0.0855, CMA_A: 0.0708
2026-03-21 09:58:26,003 INFO Current Lambda_a2b: 0.61, Current Lambda_a2n: 0.22
2026-03-21 09:58:26,004 INFO 2/2 MIL Loss: 0.4095, CMA_A2V_A2B: 1.1777, CMA_A2V_A2N: 0.4587, CMA_V2A_A2B: 0.9365, CMA_V2A_A2N: 0.1892, CMA_V: 0.2084, CMA_A: 0.0527
2026-03-21 09:59:04,712 INFO av_loss:1.8460 | v_loss:0.1389 | pseudo_loss:1.0112

2026-03-21 09:59:04,713 INFO Epoch 16/50: av_auc:0.8535769145 | v_auc:0.6996660634 | av_ap:0.8535824124 | v_ap:0.6997151440 | m=0.9309

2026-03-21 09:59:26,238 INFO Current Lambda_a2b: 0.67, Current Lambda_a2n: 0.24
2026-03-21 09:59:26,239 INFO 0/2 MIL Loss: 0.3306, CMA_A2V_A2B: 1.4325, CMA_A2V_A2N: 0.7415, CMA_V2A_A2B: 1.3043, CMA_V2A_A2N: 0.5535, CMA_V: 0.5064, CMA_A: 0.1703
2026-03-21 09:59:59,208 INFO Current Lambda_a2b: 0.67, Current Lambda_a2n: 0.24
2026-03-21 09:59:59,210 INFO 1/2 MIL Loss: 0.1078, CMA_A2V_A2B: 0.7489, CMA_A2V_A2N: 0.1554, CMA_V2A_A2B: 0.9438, CMA_V2A_A2N: 0.1465, CMA_V: 0.0644, CMA_A: 0.0604
2026-03-21 10:00:50,197 INFO Current Lambda_a2b: 0.67, Current Lambda_a2n: 0.24
2026-03-21 10:00:50,199 INFO 2/2 MIL Loss: 0.1591, CMA_A2V_A2B: 0.6011, CMA_A2V_A2N: 0.0756, CMA_V2A_A2B: 0.4821, CMA_V2A_A2N: 0.1327, CMA_V: 0.0335, CMA_A: 0.0559
2026-03-21 10:01:30,775 INFO av_loss:0.9444 | v_loss:0.0406 | pseudo_loss:1.0103

2026-03-21 10:01:30,775 INFO Epoch 17/50: av_auc:0.8458546898 | v_auc:0.7142287762 | av_ap:0.8458600698 | v_ap:0.7142741854 | m=0.9333

2026-03-21 10:01:53,347 INFO Current Lambda_a2b: 0.73, Current Lambda_a2n: 0.26
2026-03-21 10:01:53,349 INFO 0/2 MIL Loss: 0.1085, CMA_A2V_A2B: 1.0243, CMA_A2V_A2N: 0.2041, CMA_V2A_A2B: 0.9038, CMA_V2A_A2N: 0.2002, CMA_V: 0.0712, CMA_A: 0.1085
2026-03-21 10:02:24,715 INFO Current Lambda_a2b: 0.73, Current Lambda_a2n: 0.26
2026-03-21 10:02:24,717 INFO 1/2 MIL Loss: 0.1454, CMA_A2V_A2B: 1.0341, CMA_A2V_A2N: 0.2279, CMA_V2A_A2B: 0.9915, CMA_V2A_A2N: 0.1985, CMA_V: 0.1160, CMA_A: 0.0829
2026-03-21 10:03:09,533 INFO Current Lambda_a2b: 0.73, Current Lambda_a2n: 0.26
2026-03-21 10:03:09,535 INFO 2/2 MIL Loss: 0.1640, CMA_A2V_A2B: 0.6623, CMA_A2V_A2N: 0.1172, CMA_V2A_A2B: 0.6204, CMA_V2A_A2N: 0.1236, CMA_V: 0.0364, CMA_A: 0.0513
2026-03-21 10:03:50,076 INFO av_loss:1.1795 | v_loss:0.0669 | pseudo_loss:1.0049

2026-03-21 10:03:50,076 INFO Epoch 18/50: av_auc:0.8664562975 | v_auc:0.7043808983 | av_ap:0.8664608807 | v_ap:0.7044483361 | m=0.9358

2026-03-21 10:04:11,641 INFO Current Lambda_a2b: 0.79, Current Lambda_a2n: 0.28
2026-03-21 10:04:11,643 INFO 0/2 MIL Loss: 0.1640, CMA_A2V_A2B: 1.0215, CMA_A2V_A2N: 0.2995, CMA_V2A_A2B: 0.9979, CMA_V2A_A2N: 0.3263, CMA_V: 0.1138, CMA_A: 0.1525
2026-03-21 10:04:42,165 INFO Current Lambda_a2b: 0.79, Current Lambda_a2n: 0.28
2026-03-21 10:04:42,167 INFO 1/2 MIL Loss: 0.1221, CMA_A2V_A2B: 1.0768, CMA_A2V_A2N: 0.2643, CMA_V2A_A2B: 1.0322, CMA_V2A_A2N: 0.2894, CMA_V: 0.0906, CMA_A: 0.1361
2026-03-21 10:05:21,692 INFO Current Lambda_a2b: 0.79, Current Lambda_a2n: 0.28
2026-03-21 10:05:21,693 INFO 2/2 MIL Loss: 0.3437, CMA_A2V_A2B: 0.8898, CMA_A2V_A2N: 0.3467, CMA_V2A_A2B: 0.7421, CMA_V2A_A2N: 0.2662, CMA_V: 0.2350, CMA_A: 0.1019
2026-03-21 10:06:00,797 INFO av_loss:1.8455 | v_loss:0.0567 | pseudo_loss:0.9994

2026-03-21 10:06:00,797 INFO Epoch 19/50: av_auc:0.8548996176 | v_auc:0.6742774763 | av_ap:0.8549069243 | v_ap:0.6743164463 | m=0.9384

2026-03-21 10:06:23,407 INFO Current Lambda_a2b: 0.86, Current Lambda_a2n: 0.31
2026-03-21 10:06:23,408 INFO 0/2 MIL Loss: 0.3366, CMA_A2V_A2B: 1.3594, CMA_A2V_A2N: 0.6686, CMA_V2A_A2B: 1.2528, CMA_V2A_A2N: 0.6681, CMA_V: 0.3891, CMA_A: 0.3470
2026-03-21 10:06:56,938 INFO Current Lambda_a2b: 0.86, Current Lambda_a2n: 0.31
2026-03-21 10:06:56,940 INFO 1/2 MIL Loss: 0.1373, CMA_A2V_A2B: 1.0210, CMA_A2V_A2N: 0.1803, CMA_V2A_A2B: 0.9816, CMA_V2A_A2N: 0.2060, CMA_V: 0.1208, CMA_A: 0.0270
2026-03-21 10:07:29,129 INFO Current Lambda_a2b: 0.86, Current Lambda_a2n: 0.31
2026-03-21 10:07:29,131 INFO 2/2 MIL Loss: 0.1065, CMA_A2V_A2B: 0.5245, CMA_A2V_A2N: 0.0746, CMA_V2A_A2B: 0.7884, CMA_V2A_A2N: 0.0875, CMA_V: 0.0359, CMA_A: 0.0285
2026-03-21 10:08:19,136 INFO av_loss:1.2995 | v_loss:0.0622 | pseudo_loss:0.9873

2026-03-21 10:08:19,136 INFO Epoch 20/50: av_auc:0.8643342718 | v_auc:0.6960782290 | av_ap:0.8643417268 | v_ap:0.6961135657 | m=0.9411

2026-03-21 10:08:41,844 INFO Current Lambda_a2b: 0.92, Current Lambda_a2n: 0.33
2026-03-21 10:08:41,845 INFO 0/2 MIL Loss: 0.1535, CMA_A2V_A2B: 0.8582, CMA_A2V_A2N: 0.2894, CMA_V2A_A2B: 0.9324, CMA_V2A_A2N: 0.3113, CMA_V: 0.1334, CMA_A: 0.1325
2026-03-21 10:09:16,979 INFO Current Lambda_a2b: 0.92, Current Lambda_a2n: 0.33
2026-03-21 10:09:16,983 INFO 1/2 MIL Loss: 0.1878, CMA_A2V_A2B: 0.8708, CMA_A2V_A2N: 0.2239, CMA_V2A_A2B: 0.8341, CMA_V2A_A2N: 0.1833, CMA_V: 0.1125, CMA_A: 0.0584
2026-03-21 10:09:51,654 INFO Current Lambda_a2b: 0.92, Current Lambda_a2n: 0.33
2026-03-21 10:09:51,656 INFO 2/2 MIL Loss: 0.1683, CMA_A2V_A2B: 0.7256, CMA_A2V_A2N: 0.0376, CMA_V2A_A2B: 0.7468, CMA_V2A_A2N: 0.0834, CMA_V: 0.0194, CMA_A: 0.0493
2026-03-21 10:10:31,100 INFO av_loss:1.5845 | v_loss:0.0449 | pseudo_loss:0.9886

2026-03-21 10:10:31,101 INFO Epoch 21/50: av_auc:0.8620794550 | v_auc:0.6946759800 | av_ap:0.8620861065 | v_ap:0.6947325509 | m=0.9438

2026-03-21 10:10:53,781 INFO Current Lambda_a2b: 0.98, Current Lambda_a2n: 0.35
2026-03-21 10:10:53,782 INFO 0/2 MIL Loss: 0.0938, CMA_A2V_A2B: 1.1983, CMA_A2V_A2N: 0.1505, CMA_V2A_A2B: 1.0869, CMA_V2A_A2N: 0.2777, CMA_V: 0.0740, CMA_A: 0.1487
2026-03-21 10:11:36,120 INFO Current Lambda_a2b: 0.98, Current Lambda_a2n: 0.35
2026-03-21 10:11:36,122 INFO 1/2 MIL Loss: 0.1501, CMA_A2V_A2B: 0.9258, CMA_A2V_A2N: 0.2564, CMA_V2A_A2B: 0.9724, CMA_V2A_A2N: 0.2788, CMA_V: 0.1215, CMA_A: 0.1517
2026-03-21 10:12:09,537 INFO Current Lambda_a2b: 0.98, Current Lambda_a2n: 0.35
2026-03-21 10:12:09,538 INFO 2/2 MIL Loss: 0.0794, CMA_A2V_A2B: 0.2552, CMA_A2V_A2N: 0.1000, CMA_V2A_A2B: 0.3187, CMA_V2A_A2N: 0.1195, CMA_V: 0.0168, CMA_A: 0.0663
2026-03-21 10:12:49,755 INFO av_loss:0.7399 | v_loss:0.0773 | pseudo_loss:0.9964

2026-03-21 10:12:49,755 INFO Epoch 22/50: av_auc:0.8604537799 | v_auc:0.6950617426 | av_ap:0.8604581479 | v_ap:0.6951040999 | m=0.9466

2026-03-21 10:13:12,872 INFO Current Lambda_a2b: 1.03, Current Lambda_a2n: 0.37
2026-03-21 10:13:12,873 INFO 0/2 MIL Loss: 0.1140, CMA_A2V_A2B: 1.0531, CMA_A2V_A2N: 0.2577, CMA_V2A_A2B: 1.2212, CMA_V2A_A2N: 0.5414, CMA_V: 0.1978, CMA_A: 0.1382
2026-03-21 10:13:58,168 INFO Current Lambda_a2b: 1.03, Current Lambda_a2n: 0.37
2026-03-21 10:13:58,171 INFO 1/2 MIL Loss: 0.1034, CMA_A2V_A2B: 0.8119, CMA_A2V_A2N: 0.2830, CMA_V2A_A2B: 0.8373, CMA_V2A_A2N: 0.2107, CMA_V: 0.0996, CMA_A: 0.0981
2026-03-21 10:14:34,251 INFO Current Lambda_a2b: 1.03, Current Lambda_a2n: 0.37
2026-03-21 10:14:34,253 INFO 2/2 MIL Loss: 0.2605, CMA_A2V_A2B: 0.9324, CMA_A2V_A2N: 0.5625, CMA_V2A_A2B: 1.0798, CMA_V2A_A2N: 0.3947, CMA_V: 0.2757, CMA_A: 0.2359
2026-03-21 10:15:15,187 INFO av_loss:2.7527 | v_loss:0.0859 | pseudo_loss:0.9807

2026-03-21 10:15:15,187 INFO Epoch 23/50: av_auc:0.8587785502 | v_auc:0.6766245814 | av_ap:0.8587859526 | v_ap:0.6767071834 | m=0.9494

2026-03-21 10:15:38,048 INFO Current Lambda_a2b: 1.09, Current Lambda_a2n: 0.39
2026-03-21 10:15:38,049 INFO 0/2 MIL Loss: 0.3456, CMA_A2V_A2B: 1.2715, CMA_A2V_A2N: 0.6634, CMA_V2A_A2B: 1.3161, CMA_V2A_A2N: 0.4443, CMA_V: 0.4155, CMA_A: 0.2036
2026-03-21 10:16:23,529 INFO Current Lambda_a2b: 1.09, Current Lambda_a2n: 0.39
2026-03-21 10:16:23,533 INFO 1/2 MIL Loss: 0.1954, CMA_A2V_A2B: 0.8054, CMA_A2V_A2N: 0.1955, CMA_V2A_A2B: 0.9155, CMA_V2A_A2N: 0.3288, CMA_V: 0.1370, CMA_A: 0.1427
2026-03-21 10:17:02,247 INFO Current Lambda_a2b: 1.09, Current Lambda_a2n: 0.39
2026-03-21 10:17:02,249 INFO 2/2 MIL Loss: 0.1468, CMA_A2V_A2B: 0.4881, CMA_A2V_A2N: 0.0704, CMA_V2A_A2B: 0.4480, CMA_V2A_A2N: 0.1262, CMA_V: 0.0367, CMA_A: 0.0760
2026-03-21 10:17:41,614 INFO av_loss:1.2833 | v_loss:0.0908 | pseudo_loss:0.9812

2026-03-21 10:17:41,615 INFO Epoch 24/50: av_auc:0.8584787183 | v_auc:0.6743687744 | av_ap:0.8584846225 | v_ap:0.6744221181 | m=0.9522

2026-03-21 10:18:05,056 INFO Current Lambda_a2b: 1.14, Current Lambda_a2n: 0.41
2026-03-21 10:18:05,057 INFO 0/2 MIL Loss: 0.1433, CMA_A2V_A2B: 0.7310, CMA_A2V_A2N: 0.1766, CMA_V2A_A2B: 0.9091, CMA_V2A_A2N: 0.2115, CMA_V: 0.1165, CMA_A: 0.0776
2026-03-21 10:18:51,428 INFO Current Lambda_a2b: 1.14, Current Lambda_a2n: 0.41
2026-03-21 10:18:51,431 INFO 1/2 MIL Loss: 0.1134, CMA_A2V_A2B: 1.0884, CMA_A2V_A2N: 0.3393, CMA_V2A_A2B: 0.7769, CMA_V2A_A2N: 0.2079, CMA_V: 0.1508, CMA_A: 0.0857
2026-03-21 10:19:30,835 INFO Current Lambda_a2b: 1.14, Current Lambda_a2n: 0.41
2026-03-21 10:19:30,837 INFO 2/2 MIL Loss: 0.2716, CMA_A2V_A2B: 0.5743, CMA_A2V_A2N: 0.3355, CMA_V2A_A2B: 0.5810, CMA_V2A_A2N: 0.1629, CMA_V: 0.1569, CMA_A: 0.0809
2026-03-21 10:20:11,455 INFO av_loss:1.8394 | v_loss:0.0560 | pseudo_loss:0.9784

2026-03-21 10:20:11,455 INFO Epoch 25/50: av_auc:0.8749888636 | v_auc:0.6783719582 | av_ap:0.8749928188 | v_ap:0.6784109661 | m=0.9550

2026-03-21 10:20:34,685 INFO Current Lambda_a2b: 1.18, Current Lambda_a2n: 0.42
2026-03-21 10:20:34,686 INFO 0/2 MIL Loss: 0.1534, CMA_A2V_A2B: 0.9573, CMA_A2V_A2N: 0.2468, CMA_V2A_A2B: 1.0942, CMA_V2A_A2N: 0.1476, CMA_V: 0.2163, CMA_A: 0.0577
2026-03-21 10:21:21,239 INFO Current Lambda_a2b: 1.18, Current Lambda_a2n: 0.42
2026-03-21 10:21:21,241 INFO 1/2 MIL Loss: 0.1124, CMA_A2V_A2B: 0.7690, CMA_A2V_A2N: 0.2060, CMA_V2A_A2B: 0.6678, CMA_V2A_A2N: 0.1332, CMA_V: 0.1363, CMA_A: 0.0260
2026-03-21 10:21:58,721 INFO Current Lambda_a2b: 1.18, Current Lambda_a2n: 0.42
2026-03-21 10:21:58,722 INFO 2/2 MIL Loss: 0.0979, CMA_A2V_A2B: 0.3123, CMA_A2V_A2N: 0.0167, CMA_V2A_A2B: 0.2534, CMA_V2A_A2N: 0.0090, CMA_V: 0.0116, CMA_A: 0.0049
2026-03-21 10:22:37,022 INFO av_loss:0.8113 | v_loss:0.0186 | pseudo_loss:0.9707

2026-03-21 10:22:37,022 INFO Epoch 26/50: av_auc:0.8645841853 | v_auc:0.6699798667 | av_ap:0.8645904783 | v_ap:0.6701729022 | m=0.9578

2026-03-21 10:22:59,632 INFO Current Lambda_a2b: 1.23, Current Lambda_a2n: 0.44
2026-03-21 10:22:59,633 INFO 0/2 MIL Loss: 0.1165, CMA_A2V_A2B: 1.0747, CMA_A2V_A2N: 0.2051, CMA_V2A_A2B: 0.8123, CMA_V2A_A2N: 0.1875, CMA_V: 0.1067, CMA_A: 0.1118
2026-03-21 10:23:47,490 INFO Current Lambda_a2b: 1.23, Current Lambda_a2n: 0.44
2026-03-21 10:23:47,492 INFO 1/2 MIL Loss: 0.1917, CMA_A2V_A2B: 0.6849, CMA_A2V_A2N: 0.3690, CMA_V2A_A2B: 0.6834, CMA_V2A_A2N: 0.1925, CMA_V: 0.2101, CMA_A: 0.1211
2026-03-21 10:24:25,409 INFO Current Lambda_a2b: 1.23, Current Lambda_a2n: 0.44
2026-03-21 10:24:25,410 INFO 2/2 MIL Loss: 0.0358, CMA_A2V_A2B: 0.5067, CMA_A2V_A2N: 0.0149, CMA_V2A_A2B: 0.4470, CMA_V2A_A2N: 0.0406, CMA_V: 0.0190, CMA_A: 0.0088
2026-03-21 10:25:04,903 INFO av_loss:1.2762 | v_loss:0.0394 | pseudo_loss:0.9759

2026-03-21 10:25:04,903 INFO Epoch 27/50: av_auc:0.8644914600 | v_auc:0.6775432869 | av_ap:0.8644952334 | v_ap:0.6776367402 | m=0.9606

2026-03-21 10:25:27,487 INFO Current Lambda_a2b: 1.27, Current Lambda_a2n: 0.45
2026-03-21 10:25:27,488 INFO 0/2 MIL Loss: 0.2134, CMA_A2V_A2B: 0.8470, CMA_A2V_A2N: 0.3194, CMA_V2A_A2B: 0.8331, CMA_V2A_A2N: 0.2967, CMA_V: 0.1221, CMA_A: 0.1036
2026-03-21 10:26:15,983 INFO Current Lambda_a2b: 1.27, Current Lambda_a2n: 0.45
2026-03-21 10:26:15,986 INFO 1/2 MIL Loss: 0.1761, CMA_A2V_A2B: 0.6433, CMA_A2V_A2N: 0.2701, CMA_V2A_A2B: 0.4934, CMA_V2A_A2N: 0.2409, CMA_V: 0.1250, CMA_A: 0.1306
2026-03-21 10:26:53,392 INFO Current Lambda_a2b: 1.27, Current Lambda_a2n: 0.45
2026-03-21 10:26:53,394 INFO 2/2 MIL Loss: 0.1602, CMA_A2V_A2B: 0.2988, CMA_A2V_A2N: 0.2925, CMA_V2A_A2B: 0.3749, CMA_V2A_A2N: 0.2036, CMA_V: 0.1382, CMA_A: 0.0569
2026-03-21 10:27:29,780 INFO av_loss:1.2848 | v_loss:0.1100 | pseudo_loss:0.9675

2026-03-21 10:27:29,780 INFO Epoch 28/50: av_auc:0.8659764721 | v_auc:0.6698907330 | av_ap:0.8659812245 | v_ap:0.6699035252 | m=0.9634

2026-03-21 10:27:52,678 INFO Current Lambda_a2b: 1.30, Current Lambda_a2n: 0.46
2026-03-21 10:27:52,680 INFO 0/2 MIL Loss: 0.1151, CMA_A2V_A2B: 0.9392, CMA_A2V_A2N: 0.2808, CMA_V2A_A2B: 0.9407, CMA_V2A_A2N: 0.1731, CMA_V: 0.1800, CMA_A: 0.0755
2026-03-21 10:28:41,759 INFO Current Lambda_a2b: 1.30, Current Lambda_a2n: 0.46
2026-03-21 10:28:41,762 INFO 1/2 MIL Loss: 0.1462, CMA_A2V_A2B: 0.7164, CMA_A2V_A2N: 0.1927, CMA_V2A_A2B: 0.7550, CMA_V2A_A2N: 0.1759, CMA_V: 0.1095, CMA_A: 0.0719
2026-03-21 10:29:21,726 INFO Current Lambda_a2b: 1.30, Current Lambda_a2n: 0.46
2026-03-21 10:29:21,728 INFO 2/2 MIL Loss: 0.1186, CMA_A2V_A2B: 0.3456, CMA_A2V_A2N: 0.0676, CMA_V2A_A2B: 0.3825, CMA_V2A_A2N: 0.0539, CMA_V: 0.0354, CMA_A: 0.0259
2026-03-21 10:29:59,753 INFO av_loss:1.1808 | v_loss:0.0443 | pseudo_loss:0.9688

2026-03-21 10:29:59,754 INFO Epoch 29/50: av_auc:0.8587294326 | v_auc:0.6528881166 | av_ap:0.8587363910 | v_ap:0.6524410997 | m=0.9662

2026-03-21 10:30:22,856 INFO Current Lambda_a2b: 1.33, Current Lambda_a2n: 0.48
2026-03-21 10:30:22,857 INFO 0/2 MIL Loss: 0.2106, CMA_A2V_A2B: 0.5351, CMA_A2V_A2N: 0.2084, CMA_V2A_A2B: 0.7198, CMA_V2A_A2N: 0.2100, CMA_V: 0.1277, CMA_A: 0.0990
2026-03-21 10:31:11,553 INFO Current Lambda_a2b: 1.33, Current Lambda_a2n: 0.48
2026-03-21 10:31:11,556 INFO 1/2 MIL Loss: 0.1231, CMA_A2V_A2B: 0.4923, CMA_A2V_A2N: 0.1433, CMA_V2A_A2B: 0.5909, CMA_V2A_A2N: 0.2398, CMA_V: 0.0595, CMA_A: 0.1185
2026-03-21 10:31:49,435 INFO Current Lambda_a2b: 1.33, Current Lambda_a2n: 0.48
2026-03-21 10:31:49,436 INFO 2/2 MIL Loss: 0.0844, CMA_A2V_A2B: 0.5033, CMA_A2V_A2N: 0.0709, CMA_V2A_A2B: 0.7319, CMA_V2A_A2N: 0.0655, CMA_V: 0.0235, CMA_A: 0.0485
2026-03-21 10:32:25,965 INFO av_loss:1.8495 | v_loss:0.0319 | pseudo_loss:0.9603

2026-03-21 10:32:25,965 INFO Epoch 30/50: av_auc:0.8608822171 | v_auc:0.6654427803 | av_ap:0.8608883481 | v_ap:0.6649342154 | m=0.9689

2026-03-21 10:32:49,004 INFO Current Lambda_a2b: 1.36, Current Lambda_a2n: 0.48
2026-03-21 10:32:49,005 INFO 0/2 MIL Loss: 0.1770, CMA_A2V_A2B: 0.5436, CMA_A2V_A2N: 0.2102, CMA_V2A_A2B: 0.6700, CMA_V2A_A2N: 0.2451, CMA_V: 0.1268, CMA_A: 0.1017
2026-03-21 10:33:41,534 INFO Current Lambda_a2b: 1.36, Current Lambda_a2n: 0.48
2026-03-21 10:33:41,536 INFO 1/2 MIL Loss: 0.1627, CMA_A2V_A2B: 0.6437, CMA_A2V_A2N: 0.1664, CMA_V2A_A2B: 0.6920, CMA_V2A_A2N: 0.2266, CMA_V: 0.0798, CMA_A: 0.1055
2026-03-21 10:34:21,836 INFO Current Lambda_a2b: 1.36, Current Lambda_a2n: 0.48
2026-03-21 10:34:21,838 INFO 2/2 MIL Loss: 0.1891, CMA_A2V_A2B: 0.4728, CMA_A2V_A2N: 0.1859, CMA_V2A_A2B: 0.5999, CMA_V2A_A2N: 0.3766, CMA_V: 0.1038, CMA_A: 0.1550
2026-03-21 10:35:00,276 INFO av_loss:1.9886 | v_loss:0.0958 | pseudo_loss:0.9718

2026-03-21 10:35:00,276 INFO Epoch 31/50: av_auc:0.8509206207 | v_auc:0.6630398497 | av_ap:0.8509250341 | v_ap:0.6625361264 | m=0.9716

2026-03-21 10:35:23,137 INFO Current Lambda_a2b: 1.37, Current Lambda_a2n: 0.49
2026-03-21 10:35:23,138 INFO 0/2 MIL Loss: 0.1378, CMA_A2V_A2B: 0.9775, CMA_A2V_A2N: 0.3202, CMA_V2A_A2B: 0.8566, CMA_V2A_A2N: 0.4332, CMA_V: 0.1671, CMA_A: 0.1962
2026-03-21 10:36:12,242 INFO Current Lambda_a2b: 1.37, Current Lambda_a2n: 0.49
2026-03-21 10:36:12,246 INFO 1/2 MIL Loss: 0.1267, CMA_A2V_A2B: 0.6754, CMA_A2V_A2N: 0.1202, CMA_V2A_A2B: 0.6838, CMA_V2A_A2N: 0.1348, CMA_V: 0.0880, CMA_A: 0.0269
2026-03-21 10:36:52,017 INFO Current Lambda_a2b: 1.37, Current Lambda_a2n: 0.49
2026-03-21 10:36:52,021 INFO 2/2 MIL Loss: 0.1166, CMA_A2V_A2B: 0.3468, CMA_A2V_A2N: 0.0769, CMA_V2A_A2B: 0.4078, CMA_V2A_A2N: 0.1306, CMA_V: 0.0390, CMA_A: 0.0354
2026-03-21 10:37:29,400 INFO av_loss:1.3131 | v_loss:0.0314 | pseudo_loss:0.9652

2026-03-21 10:37:29,401 INFO Epoch 32/50: av_auc:0.8513559428 | v_auc:0.6576964391 | av_ap:0.8513624879 | v_ap:0.6572321876 | m=0.9742

2026-03-21 10:37:52,699 INFO Current Lambda_a2b: 1.39, Current Lambda_a2n: 0.50
2026-03-21 10:37:52,700 INFO 0/2 MIL Loss: 0.1044, CMA_A2V_A2B: 0.6671, CMA_A2V_A2N: 0.2534, CMA_V2A_A2B: 0.6751, CMA_V2A_A2N: 0.1657, CMA_V: 0.1401, CMA_A: 0.0821
2026-03-21 10:38:39,378 INFO Current Lambda_a2b: 1.39, Current Lambda_a2n: 0.50
2026-03-21 10:38:39,381 INFO 1/2 MIL Loss: 0.1939, CMA_A2V_A2B: 0.4345, CMA_A2V_A2N: 0.1394, CMA_V2A_A2B: 0.3297, CMA_V2A_A2N: 0.0831, CMA_V: 0.0945, CMA_A: 0.0423
2026-03-21 10:39:17,716 INFO Current Lambda_a2b: 1.39, Current Lambda_a2n: 0.50
2026-03-21 10:39:17,718 INFO 2/2 MIL Loss: 0.1043, CMA_A2V_A2B: 0.2932, CMA_A2V_A2N: 0.0404, CMA_V2A_A2B: 0.3925, CMA_V2A_A2N: 0.0552, CMA_V: 0.0271, CMA_A: 0.0135
2026-03-21 10:39:55,088 INFO av_loss:1.1514 | v_loss:0.0278 | pseudo_loss:0.9626

2026-03-21 10:39:55,088 INFO Epoch 33/50: av_auc:0.8614820844 | v_auc:0.6409971873 | av_ap:0.8614863297 | v_ap:0.6406202265 | m=0.9767

2026-03-21 10:40:15,684 INFO Current Lambda_a2b: 1.40, Current Lambda_a2n: 0.50
2026-03-21 10:40:15,685 INFO 0/2 MIL Loss: 0.1618, CMA_A2V_A2B: 0.4910, CMA_A2V_A2N: 0.1064, CMA_V2A_A2B: 0.5879, CMA_V2A_A2N: 0.1370, CMA_V: 0.0954, CMA_A: 0.0317
2026-03-21 10:41:01,775 INFO Current Lambda_a2b: 1.40, Current Lambda_a2n: 0.50
2026-03-21 10:41:01,777 INFO 1/2 MIL Loss: 0.1237, CMA_A2V_A2B: 0.6271, CMA_A2V_A2N: 0.1723, CMA_V2A_A2B: 0.6125, CMA_V2A_A2N: 0.1744, CMA_V: 0.1332, CMA_A: 0.0637
2026-03-21 10:41:44,291 INFO Current Lambda_a2b: 1.40, Current Lambda_a2n: 0.50
2026-03-21 10:41:44,293 INFO 2/2 MIL Loss: 0.1108, CMA_A2V_A2B: 0.7059, CMA_A2V_A2N: 0.1530, CMA_V2A_A2B: 0.5860, CMA_V2A_A2N: 0.2074, CMA_V: 0.1036, CMA_A: 0.0716
2026-03-21 10:42:22,337 INFO av_loss:2.1624 | v_loss:0.0311 | pseudo_loss:0.9616

2026-03-21 10:42:22,338 INFO Epoch 34/50: av_auc:0.8595995724 | v_auc:0.6543963676 | av_ap:0.8596047127 | v_ap:0.6538530869 | m=0.9791

2026-03-21 10:42:45,195 INFO Current Lambda_a2b: 1.40, Current Lambda_a2n: 0.50
2026-03-21 10:42:45,196 INFO 0/2 MIL Loss: 0.1358, CMA_A2V_A2B: 0.5274, CMA_A2V_A2N: 0.0594, CMA_V2A_A2B: 0.5230, CMA_V2A_A2N: 0.1034, CMA_V: 0.0377, CMA_A: 0.0542
2026-03-21 10:43:31,537 INFO Current Lambda_a2b: 1.40, Current Lambda_a2n: 0.50
2026-03-21 10:43:31,539 INFO 1/2 MIL Loss: 0.1182, CMA_A2V_A2B: 0.7162, CMA_A2V_A2N: 0.1997, CMA_V2A_A2B: 0.8441, CMA_V2A_A2N: 0.0903, CMA_V: 0.1011, CMA_A: 0.0468
2026-03-21 10:44:14,866 INFO Current Lambda_a2b: 1.40, Current Lambda_a2n: 0.50
2026-03-21 10:44:14,868 INFO 2/2 MIL Loss: 0.1395, CMA_A2V_A2B: 0.3953, CMA_A2V_A2N: 0.0402, CMA_V2A_A2B: 0.3366, CMA_V2A_A2N: 0.0351, CMA_V: 0.0189, CMA_A: 0.0137
2026-03-21 10:44:52,760 INFO av_loss:1.2522 | v_loss:0.0470 | pseudo_loss:0.9581

2026-03-21 10:44:52,760 INFO Epoch 35/50: av_auc:0.8562450773 | v_auc:0.6503554185 | av_ap:0.8562515837 | v_ap:0.6497221555 | m=0.9815

2026-03-21 10:45:15,703 INFO Current Lambda_a2b: 1.40, Current Lambda_a2n: 0.50
2026-03-21 10:45:15,704 INFO 0/2 MIL Loss: 0.1188, CMA_A2V_A2B: 0.8094, CMA_A2V_A2N: 0.1687, CMA_V2A_A2B: 0.6359, CMA_V2A_A2N: 0.1492, CMA_V: 0.0853, CMA_A: 0.0742
2026-03-21 10:46:02,870 INFO Current Lambda_a2b: 1.40, Current Lambda_a2n: 0.50
2026-03-21 10:46:02,872 INFO 1/2 MIL Loss: 0.1095, CMA_A2V_A2B: 0.4855, CMA_A2V_A2N: 0.0992, CMA_V2A_A2B: 0.4297, CMA_V2A_A2N: 0.0808, CMA_V: 0.0469, CMA_A: 0.0478
2026-03-21 10:46:45,958 INFO Current Lambda_a2b: 1.40, Current Lambda_a2n: 0.50
2026-03-21 10:46:45,960 INFO 2/2 MIL Loss: 0.1270, CMA_A2V_A2B: 0.4026, CMA_A2V_A2N: 0.1032, CMA_V2A_A2B: 0.3700, CMA_V2A_A2N: 0.1793, CMA_V: 0.0437, CMA_A: 0.0488
2026-03-21 10:47:23,213 INFO av_loss:1.4053 | v_loss:0.1152 | pseudo_loss:0.9570

2026-03-21 10:47:23,213 INFO Epoch 36/50: av_auc:0.8544117924 | v_auc:0.6507444114 | av_ap:0.8544185369 | v_ap:0.6495146913 | m=0.9837

2026-03-21 10:47:44,577 INFO Current Lambda_a2b: 1.40, Current Lambda_a2n: 0.50
2026-03-21 10:47:44,579 INFO 0/2 MIL Loss: 0.1154, CMA_A2V_A2B: 0.6401, CMA_A2V_A2N: 0.1264, CMA_V2A_A2B: 0.7219, CMA_V2A_A2N: 0.1746, CMA_V: 0.0937, CMA_A: 0.0718
2026-03-21 10:48:36,573 INFO Current Lambda_a2b: 1.40, Current Lambda_a2n: 0.50
2026-03-21 10:48:36,575 INFO 1/2 MIL Loss: 0.1737, CMA_A2V_A2B: 0.5817, CMA_A2V_A2N: 0.1204, CMA_V2A_A2B: 0.5010, CMA_V2A_A2N: 0.0803, CMA_V: 0.0486, CMA_A: 0.0380
2026-03-21 10:49:21,438 INFO Current Lambda_a2b: 1.40, Current Lambda_a2n: 0.50
2026-03-21 10:49:21,441 INFO 2/2 MIL Loss: 0.0655, CMA_A2V_A2B: 0.6339, CMA_A2V_A2N: 0.0825, CMA_V2A_A2B: 0.7864, CMA_V2A_A2N: 0.0916, CMA_V: 0.0416, CMA_A: 0.0453
2026-03-21 10:50:00,023 INFO av_loss:2.1977 | v_loss:0.0106 | pseudo_loss:0.9627

2026-03-21 10:50:00,023 INFO Epoch 37/50: av_auc:0.8541537762 | v_auc:0.6525575189 | av_ap:0.8541601509 | v_ap:0.6514967526 | m=0.9858

2026-03-21 10:50:22,858 INFO Current Lambda_a2b: 1.40, Current Lambda_a2n: 0.50
2026-03-21 10:50:22,859 INFO 0/2 MIL Loss: 0.1419, CMA_A2V_A2B: 0.5094, CMA_A2V_A2N: 0.1066, CMA_V2A_A2B: 0.5379, CMA_V2A_A2N: 0.1063, CMA_V: 0.0614, CMA_A: 0.0581
2026-03-21 10:51:10,564 INFO Current Lambda_a2b: 1.40, Current Lambda_a2n: 0.50
2026-03-21 10:51:10,567 INFO 1/2 MIL Loss: 0.1338, CMA_A2V_A2B: 0.5039, CMA_A2V_A2N: 0.1385, CMA_V2A_A2B: 0.4870, CMA_V2A_A2N: 0.1563, CMA_V: 0.0812, CMA_A: 0.0706
2026-03-21 10:51:54,422 INFO Current Lambda_a2b: 1.40, Current Lambda_a2n: 0.50
2026-03-21 10:51:54,423 INFO 2/2 MIL Loss: 0.0743, CMA_A2V_A2B: 0.4791, CMA_A2V_A2N: 0.2127, CMA_V2A_A2B: 0.5209, CMA_V2A_A2N: 0.1741, CMA_V: 0.0775, CMA_A: 0.0268
2026-03-21 10:52:32,167 INFO av_loss:1.7240 | v_loss:0.0166 | pseudo_loss:0.9592

2026-03-21 10:52:32,167 INFO Epoch 38/50: av_auc:0.8507719835 | v_auc:0.6392528688 | av_ap:0.8507784945 | v_ap:0.6379848155 | m=0.9878

2026-03-21 10:52:54,337 INFO Current Lambda_a2b: 1.40, Current Lambda_a2n: 0.50
2026-03-21 10:52:54,338 INFO 0/2 MIL Loss: 0.1161, CMA_A2V_A2B: 0.7307, CMA_A2V_A2N: 0.2191, CMA_V2A_A2B: 0.7448, CMA_V2A_A2N: 0.2159, CMA_V: 0.1115, CMA_A: 0.1094
2026-03-21 10:53:42,935 INFO Current Lambda_a2b: 1.40, Current Lambda_a2n: 0.50
2026-03-21 10:53:42,937 INFO 1/2 MIL Loss: 0.0912, CMA_A2V_A2B: 0.5829, CMA_A2V_A2N: 0.2287, CMA_V2A_A2B: 0.7018, CMA_V2A_A2N: 0.1837, CMA_V: 0.1499, CMA_A: 0.0966
2026-03-21 10:54:25,050 INFO Current Lambda_a2b: 1.40, Current Lambda_a2n: 0.50
2026-03-21 10:54:25,052 INFO 2/2 MIL Loss: 0.2380, CMA_A2V_A2B: 0.2169, CMA_A2V_A2N: 0.0404, CMA_V2A_A2B: 0.1876, CMA_V2A_A2N: 0.0609, CMA_V: 0.0346, CMA_A: 0.0229
2026-03-21 10:55:02,688 INFO av_loss:0.9107 | v_loss:0.1123 | pseudo_loss:0.9649

2026-03-21 10:55:02,688 INFO Epoch 39/50: av_auc:0.8525628451 | v_auc:0.6345620987 | av_ap:0.8525688794 | v_ap:0.6320506932 | m=0.9897

2026-03-21 10:55:24,867 INFO Current Lambda_a2b: 1.40, Current Lambda_a2n: 0.50
2026-03-21 10:55:24,868 INFO 0/2 MIL Loss: 0.0850, CMA_A2V_A2B: 0.7871, CMA_A2V_A2N: 0.1105, CMA_V2A_A2B: 0.7270, CMA_V2A_A2N: 0.1460, CMA_V: 0.1154, CMA_A: 0.0598
2026-03-21 10:56:11,489 INFO Current Lambda_a2b: 1.40, Current Lambda_a2n: 0.50
2026-03-21 10:56:11,490 INFO 1/2 MIL Loss: 0.0912, CMA_A2V_A2B: 0.4884, CMA_A2V_A2N: 0.0976, CMA_V2A_A2B: 0.4604, CMA_V2A_A2N: 0.0825, CMA_V: 0.0638, CMA_A: 0.0405
2026-03-21 10:56:53,543 INFO Current Lambda_a2b: 1.40, Current Lambda_a2n: 0.50
2026-03-21 10:56:53,545 INFO 2/2 MIL Loss: 0.1366, CMA_A2V_A2B: 0.3656, CMA_A2V_A2N: 0.0212, CMA_V2A_A2B: 0.3696, CMA_V2A_A2N: 0.0277, CMA_V: 0.0224, CMA_A: 0.0115
2026-03-21 10:57:30,675 INFO av_loss:1.2503 | v_loss:0.0274 | pseudo_loss:0.9659

2026-03-21 10:57:30,675 INFO Epoch 40/50: av_auc:0.8486156881 | v_auc:0.6380101453 | av_ap:0.8486219785 | v_ap:0.6364848547 | m=0.9914

2026-03-21 10:57:54,232 INFO Current Lambda_a2b: 1.40, Current Lambda_a2n: 0.50
2026-03-21 10:57:54,233 INFO 0/2 MIL Loss: 0.1349, CMA_A2V_A2B: 0.5588, CMA_A2V_A2N: 0.0643, CMA_V2A_A2B: 0.5870, CMA_V2A_A2N: 0.0539, CMA_V: 0.0752, CMA_A: 0.0184
2026-03-21 10:58:36,686 INFO Current Lambda_a2b: 1.40, Current Lambda_a2n: 0.50
2026-03-21 10:58:36,688 INFO 1/2 MIL Loss: 0.0800, CMA_A2V_A2B: 0.4253, CMA_A2V_A2N: 0.0979, CMA_V2A_A2B: 0.4161, CMA_V2A_A2N: 0.1511, CMA_V: 0.0725, CMA_A: 0.0738
2026-03-21 10:59:19,659 INFO Current Lambda_a2b: 1.40, Current Lambda_a2n: 0.50
2026-03-21 10:59:19,660 INFO 2/2 MIL Loss: 0.0864, CMA_A2V_A2B: 0.4212, CMA_A2V_A2N: 0.0719, CMA_V2A_A2B: 0.3706, CMA_V2A_A2N: 0.0641, CMA_V: 0.0398, CMA_A: 0.0210
2026-03-21 10:59:58,891 INFO av_loss:1.3164 | v_loss:0.0168 | pseudo_loss:0.9660

2026-03-21 10:59:58,892 INFO Epoch 41/50: av_auc:0.8489617875 | v_auc:0.6384120906 | av_ap:0.8489680338 | v_ap:0.6372440977 | m=0.9930

2026-03-21 11:00:21,144 INFO Current Lambda_a2b: 1.40, Current Lambda_a2n: 0.50
2026-03-21 11:00:21,145 INFO 0/2 MIL Loss: 0.1759, CMA_A2V_A2B: 0.5251, CMA_A2V_A2N: 0.1077, CMA_V2A_A2B: 0.5595, CMA_V2A_A2N: 0.1065, CMA_V: 0.0759, CMA_A: 0.0615
2026-03-21 11:01:01,640 INFO Current Lambda_a2b: 1.40, Current Lambda_a2n: 0.50
2026-03-21 11:01:01,641 INFO 1/2 MIL Loss: 0.1203, CMA_A2V_A2B: 0.6572, CMA_A2V_A2N: 0.1534, CMA_V2A_A2B: 0.5931, CMA_V2A_A2N: 0.2035, CMA_V: 0.0588, CMA_A: 0.1410
2026-03-21 11:01:46,864 INFO Current Lambda_a2b: 1.40, Current Lambda_a2n: 0.50
2026-03-21 11:01:46,866 INFO 2/2 MIL Loss: 0.1665, CMA_A2V_A2B: 0.3579, CMA_A2V_A2N: 0.0327, CMA_V2A_A2B: 0.3758, CMA_V2A_A2N: 0.0407, CMA_V: 0.0300, CMA_A: 0.0076
2026-03-21 11:02:25,141 INFO av_loss:1.2782 | v_loss:0.0309 | pseudo_loss:0.9602

2026-03-21 11:02:25,141 INFO Epoch 42/50: av_auc:0.8449168989 | v_auc:0.6424590549 | av_ap:0.8449237150 | v_ap:0.6402217945 | m=0.9944

2026-03-21 11:02:47,803 INFO Current Lambda_a2b: 1.40, Current Lambda_a2n: 0.50
2026-03-21 11:02:47,804 INFO 0/2 MIL Loss: 0.1776, CMA_A2V_A2B: 0.6145, CMA_A2V_A2N: 0.2176, CMA_V2A_A2B: 0.5401, CMA_V2A_A2N: 0.1442, CMA_V: 0.1730, CMA_A: 0.0426
2026-03-21 11:03:27,807 INFO Current Lambda_a2b: 1.40, Current Lambda_a2n: 0.50
2026-03-21 11:03:27,810 INFO 1/2 MIL Loss: 0.1467, CMA_A2V_A2B: 0.5087, CMA_A2V_A2N: 0.2367, CMA_V2A_A2B: 0.6077, CMA_V2A_A2N: 0.2976, CMA_V: 0.1492, CMA_A: 0.0700
2026-03-21 11:04:15,715 INFO Current Lambda_a2b: 1.40, Current Lambda_a2n: 0.50
2026-03-21 11:04:15,718 INFO 2/2 MIL Loss: 0.1116, CMA_A2V_A2B: 0.4309, CMA_A2V_A2N: 0.0838, CMA_V2A_A2B: 0.5352, CMA_V2A_A2N: 0.1550, CMA_V: 0.0707, CMA_A: 0.0281
2026-03-21 11:04:54,370 INFO av_loss:1.6443 | v_loss:0.0621 | pseudo_loss:0.9617

2026-03-21 11:04:54,371 INFO Epoch 43/50: av_auc:0.8440131999 | v_auc:0.6483862564 | av_ap:0.8440202863 | v_ap:0.6456223597 | m=0.9957

2026-03-21 11:05:13,720 INFO Current Lambda_a2b: 1.40, Current Lambda_a2n: 0.50
2026-03-21 11:05:13,722 INFO 0/2 MIL Loss: 0.1257, CMA_A2V_A2B: 0.5611, CMA_A2V_A2N: 0.1462, CMA_V2A_A2B: 0.5769, CMA_V2A_A2N: 0.1766, CMA_V: 0.1566, CMA_A: 0.0488
2026-03-21 11:05:52,891 INFO Current Lambda_a2b: 1.40, Current Lambda_a2n: 0.50
2026-03-21 11:05:52,893 INFO 1/2 MIL Loss: 0.1099, CMA_A2V_A2B: 0.7086, CMA_A2V_A2N: 0.1463, CMA_V2A_A2B: 0.7425, CMA_V2A_A2N: 0.1867, CMA_V: 0.1122, CMA_A: 0.0728
2026-03-21 11:06:41,149 INFO Current Lambda_a2b: 1.40, Current Lambda_a2n: 0.50
2026-03-21 11:06:41,151 INFO 2/2 MIL Loss: 0.1248, CMA_A2V_A2B: 0.3159, CMA_A2V_A2N: 0.0830, CMA_V2A_A2B: 0.3646, CMA_V2A_A2N: 0.1133, CMA_V: 0.0917, CMA_A: 0.0386
2026-03-21 11:07:19,052 INFO av_loss:1.2524 | v_loss:0.0517 | pseudo_loss:0.9682

2026-03-21 11:07:19,052 INFO Epoch 44/50: av_auc:0.8442866185 | v_auc:0.6408216792 | av_ap:0.8442938838 | v_ap:0.6378871364 | m=0.9968

2026-03-21 11:07:40,198 INFO Current Lambda_a2b: 1.40, Current Lambda_a2n: 0.50
2026-03-21 11:07:40,199 INFO 0/2 MIL Loss: 0.1290, CMA_A2V_A2B: 0.5865, CMA_A2V_A2N: 0.0955, CMA_V2A_A2B: 0.4922, CMA_V2A_A2N: 0.0399, CMA_V: 0.0468, CMA_A: 0.0204
2026-03-21 11:08:15,993 INFO Current Lambda_a2b: 1.40, Current Lambda_a2n: 0.50
2026-03-21 11:08:15,995 INFO 1/2 MIL Loss: 0.1287, CMA_A2V_A2B: 0.5190, CMA_A2V_A2N: 0.1430, CMA_V2A_A2B: 0.6162, CMA_V2A_A2N: 0.1226, CMA_V: 0.1012, CMA_A: 0.0559
2026-03-21 11:09:06,245 INFO Current Lambda_a2b: 1.40, Current Lambda_a2n: 0.50
2026-03-21 11:09:06,249 INFO 2/2 MIL Loss: 0.1517, CMA_A2V_A2B: 0.3342, CMA_A2V_A2N: 0.0300, CMA_V2A_A2B: 0.2665, CMA_V2A_A2N: 0.0452, CMA_V: 0.0257, CMA_A: 0.0133
2026-03-21 11:09:45,343 INFO av_loss:1.0835 | v_loss:0.0691 | pseudo_loss:0.9662

2026-03-21 11:09:45,343 INFO Epoch 45/50: av_auc:0.8511302127 | v_auc:0.6342735646 | av_ap:0.8511364237 | v_ap:0.6324447910 | m=0.9978

2026-03-21 11:10:06,519 INFO Current Lambda_a2b: 1.40, Current Lambda_a2n: 0.50
2026-03-21 11:10:06,520 INFO 0/2 MIL Loss: 0.1111, CMA_A2V_A2B: 0.6059, CMA_A2V_A2N: 0.0862, CMA_V2A_A2B: 0.6051, CMA_V2A_A2N: 0.0950, CMA_V: 0.0719, CMA_A: 0.0371
2026-03-21 11:10:39,784 INFO Current Lambda_a2b: 1.40, Current Lambda_a2n: 0.50
2026-03-21 11:10:39,787 INFO 1/2 MIL Loss: 0.0954, CMA_A2V_A2B: 0.4875, CMA_A2V_A2N: 0.0862, CMA_V2A_A2B: 0.3184, CMA_V2A_A2N: 0.0910, CMA_V: 0.0605, CMA_A: 0.0343
2026-03-21 11:11:28,590 INFO Current Lambda_a2b: 1.40, Current Lambda_a2n: 0.50
2026-03-21 11:11:28,592 INFO 2/2 MIL Loss: 0.1564, CMA_A2V_A2B: 0.1794, CMA_A2V_A2N: 0.0161, CMA_V2A_A2B: 0.1994, CMA_V2A_A2N: 0.0262, CMA_V: 0.0211, CMA_A: 0.0119
2026-03-21 11:12:08,507 INFO av_loss:0.7557 | v_loss:0.0471 | pseudo_loss:0.9618

2026-03-21 11:12:08,507 INFO Epoch 46/50: av_auc:0.8483732967 | v_auc:0.6318007084 | av_ap:0.8483796216 | v_ap:0.6287023383 | m=0.9986

2026-03-21 11:12:30,137 INFO Current Lambda_a2b: 1.40, Current Lambda_a2n: 0.50
2026-03-21 11:12:30,138 INFO 0/2 MIL Loss: 0.0977, CMA_A2V_A2B: 0.4368, CMA_A2V_A2N: 0.1214, CMA_V2A_A2B: 0.5004, CMA_V2A_A2N: 0.1720, CMA_V: 0.0507, CMA_A: 0.0960
2026-03-21 11:13:03,539 INFO Current Lambda_a2b: 1.40, Current Lambda_a2n: 0.50
2026-03-21 11:13:03,541 INFO 1/2 MIL Loss: 0.0610, CMA_A2V_A2B: 0.6359, CMA_A2V_A2N: 0.1741, CMA_V2A_A2B: 0.5253, CMA_V2A_A2N: 0.1431, CMA_V: 0.0961, CMA_A: 0.0586
2026-03-21 11:13:49,153 INFO Current Lambda_a2b: 1.40, Current Lambda_a2n: 0.50
2026-03-21 11:13:49,155 INFO 2/2 MIL Loss: 0.0435, CMA_A2V_A2B: 0.4590, CMA_A2V_A2N: 0.0225, CMA_V2A_A2B: 0.3176, CMA_V2A_A2N: 0.0457, CMA_V: 0.0297, CMA_A: 0.0068
2026-03-21 11:14:28,699 INFO av_loss:1.2136 | v_loss:0.0103 | pseudo_loss:0.9663

2026-03-21 11:14:28,699 INFO Epoch 47/50: av_auc:0.8422140602 | v_auc:0.6405982850 | av_ap:0.8422213379 | v_ap:0.6383433069 | m=0.9992

2026-03-21 11:14:49,859 INFO Current Lambda_a2b: 1.40, Current Lambda_a2n: 0.50
2026-03-21 11:14:49,860 INFO 0/2 MIL Loss: 0.1750, CMA_A2V_A2B: 0.3673, CMA_A2V_A2N: 0.0732, CMA_V2A_A2B: 0.3242, CMA_V2A_A2N: 0.0877, CMA_V: 0.0676, CMA_A: 0.0356
2026-03-21 11:15:21,696 INFO Current Lambda_a2b: 1.40, Current Lambda_a2n: 0.50
2026-03-21 11:15:21,699 INFO 1/2 MIL Loss: 0.1091, CMA_A2V_A2B: 0.4704, CMA_A2V_A2N: 0.0729, CMA_V2A_A2B: 0.4781, CMA_V2A_A2N: 0.1369, CMA_V: 0.0487, CMA_A: 0.0480
2026-03-21 11:16:02,315 INFO Current Lambda_a2b: 1.40, Current Lambda_a2n: 0.50
2026-03-21 11:16:02,316 INFO 2/2 MIL Loss: 0.1050, CMA_A2V_A2B: 0.1647, CMA_A2V_A2N: 0.0656, CMA_V2A_A2B: 0.1377, CMA_V2A_A2N: 0.0446, CMA_V: 0.0428, CMA_A: 0.0359
2026-03-21 11:16:41,700 INFO av_loss:0.6317 | v_loss:0.0398 | pseudo_loss:0.9655

2026-03-21 11:16:41,700 INFO Epoch 48/50: av_auc:0.8444905784 | v_auc:0.6358619385 | av_ap:0.8444965935 | v_ap:0.6333722025 | m=0.9996

2026-03-21 11:17:03,723 INFO Current Lambda_a2b: 1.40, Current Lambda_a2n: 0.50
2026-03-21 11:17:03,724 INFO 0/2 MIL Loss: 0.1234, CMA_A2V_A2B: 0.6710, CMA_A2V_A2N: 0.1615, CMA_V2A_A2B: 0.6370, CMA_V2A_A2N: 0.1376, CMA_V: 0.0834, CMA_A: 0.0628
2026-03-21 11:17:33,310 INFO Current Lambda_a2b: 1.40, Current Lambda_a2n: 0.50
2026-03-21 11:17:33,312 INFO 1/2 MIL Loss: 0.0729, CMA_A2V_A2B: 0.5273, CMA_A2V_A2N: 0.0414, CMA_V2A_A2B: 0.5490, CMA_V2A_A2N: 0.0448, CMA_V: 0.0227, CMA_A: 0.0199
2026-03-21 11:18:08,859 INFO Current Lambda_a2b: 1.40, Current Lambda_a2n: 0.50
2026-03-21 11:18:08,860 INFO 2/2 MIL Loss: 0.0514, CMA_A2V_A2B: 0.2022, CMA_A2V_A2N: 0.0470, CMA_V2A_A2B: 0.2218, CMA_V2A_A2N: 0.1537, CMA_V: 0.0121, CMA_A: 0.0495
2026-03-21 11:18:47,663 INFO av_loss:0.7976 | v_loss:0.0179 | pseudo_loss:0.9668

2026-03-21 11:18:47,664 INFO Epoch 49/50: av_auc:0.8456597008 | v_auc:0.6385468090 | av_ap:0.8456661785 | v_ap:0.6358667223 | m=0.9999

2026-03-21 11:18:47,664 INFO Best Performance in Epoch 25: av_auc:0.8749888636 | v_auc:0.6783719582 | av_ap:0.8749928188 | v_ap:0.6784109661

